2024-08-09 10:19:01 - PHP Notice:  Undefined index: db_name in C:\xampp\htdocs\php_jefco\system\engine\hmodel.php on line 12
2024-08-09 10:19:01 - PHP Warning:  Invalid argument supplied for foreach() in C:\xampp\htdocs\php_jefco\admin\view\template\common\preset.tpl on line 52
2024-08-09 10:19:01 - PHP Notice:  Undefined variable: fiscal_year_id in C:\xampp\htdocs\php_jefco\admin\controller\common\preset.php on line 228
2024-08-09 10:20:24 - PHP Notice:  Undefined index: db_name in C:\xampp\htdocs\php_jefco\system\engine\hmodel.php on line 12
2024-08-09 10:20:24 - PHP Warning:  Invalid argument supplied for foreach() in C:\xampp\htdocs\php_jefco\admin\view\template\common\preset.tpl on line 52
2024-08-09 10:20:28 - PHP Notice:  Undefined index: db_name in C:\xampp\htdocs\php_jefco\system\engine\hmodel.php on line 12
2024-08-09 10:20:29 - PHP Notice:  Undefined index: case_id in C:\xampp\htdocs\php_jefco\admin\controller\common\home.php on line 55
2024-08-09 10:20:29 - PHP Notice:  Undefined index: case_id in C:\xampp\htdocs\php_jefco\admin\controller\common\home.php on line 56
2024-08-09 10:20:29 - PHP Notice:  Undefined variable: href_gl_mapping_account in C:\xampp\htdocs\php_jefco\admin\view\template\common\column_left.tpl on line 68
2024-08-09 10:20:29 - PHP Notice:  Undefined index: gl_mapping_account in C:\xampp\htdocs\php_jefco\admin\view\template\common\column_left.tpl on line 68
2024-08-09 10:20:29 - PHP Notice:  Undefined variable: href_tool_dashboard in C:\xampp\htdocs\php_jefco\admin\view\template\common\column_left.tpl on line 231
2024-08-09 10:20:30 - PHP Notice:  Undefined index: inventory_sale_invoice in C:\xampp\htdocs\php_jefco\admin\view\template\common\home.tpl on line 36
2024-08-09 10:20:47 - PHP Notice:  Undefined variable: href_gl_mapping_account in C:\xampp\htdocs\php_jefco\admin\view\template\common\column_left.tpl on line 68
2024-08-09 10:20:47 - PHP Notice:  Undefined index: gl_mapping_account in C:\xampp\htdocs\php_jefco\admin\view\template\common\column_left.tpl on line 68
2024-08-09 10:20:47 - PHP Notice:  Undefined variable: href_tool_dashboard in C:\xampp\htdocs\php_jefco\admin\view\template\common\column_left.tpl on line 231
2024-08-09 10:20:47 - PHP Notice:  Undefined index: class in C:\xampp\htdocs\php_jefco\admin\view\template\inventory\purchase_invoice_list.tpl on line 19
2024-08-09 10:20:47 - PHP Notice:  Undefined index: class in C:\xampp\htdocs\php_jefco\admin\view\template\inventory\purchase_invoice_list.tpl on line 19
2024-08-09 10:20:47 - PHP Notice:  Undefined index: class in C:\xampp\htdocs\php_jefco\admin\view\template\inventory\purchase_invoice_list.tpl on line 19
2024-08-09 10:20:47 - PHP Notice:  Undefined variable: column_right in C:\xampp\htdocs\php_jefco\admin\view\template\inventory\purchase_invoice_list.tpl on line 78
2024-08-09 10:20:52 - PHP Notice:  Undefined index: partner_category_id in C:\xampp\htdocs\php_jefco\admin\controller\inventory\purchase_invoice.php on line 2397
2024-08-09 10:20:52 - PHP Warning:  chr() expects parameter 1 to be int, string given in C:\xampp\htdocs\php_jefco\system\library\tcpdf\include\tcpdf_fonts.php on line 1671
2024-08-09 10:20:52 - PHP Notice:  Undefined index: product_code in C:\xampp\htdocs\php_jefco\admin\controller\inventory\purchase_invoice.php on line 2463
2024-08-09 10:20:52 - PHP Unknown:  Array and string offset access syntax with curly braces is deprecated in C:\xampp\htdocs\php_jefco\system\library\tcpdf\tcpdf_barcodes_1d.php on line 456
2024-08-09 10:20:52 - PHP Unknown:  Array and string offset access syntax with curly braces is deprecated in C:\xampp\htdocs\php_jefco\system\library\tcpdf\tcpdf_barcodes_1d.php on line 467
2024-08-09 10:20:52 - PHP Unknown:  Array and string offset access syntax with curly braces is deprecated in C:\xampp\htdocs\php_jefco\system\library\tcpdf\tcpdf_barcodes_1d.php on line 523
2024-08-09 10:20:52 - PHP Unknown:  Array and string offset access syntax with curly braces is deprecated in C:\xampp\htdocs\php_jefco\system\library\tcpdf\tcpdf_barcodes_1d.php on line 526
2024-08-09 10:20:52 - PHP Unknown:  Array and string offset access syntax with curly braces is deprecated in C:\xampp\htdocs\php_jefco\system\library\tcpdf\tcpdf_barcodes_1d.php on line 546
2024-08-09 10:20:52 - PHP Unknown:  Array and string offset access syntax with curly braces is deprecated in C:\xampp\htdocs\php_jefco\system\library\tcpdf\tcpdf_barcodes_1d.php on line 646
2024-08-09 10:20:52 - PHP Unknown:  Array and string offset access syntax with curly braces is deprecated in C:\xampp\htdocs\php_jefco\system\library\tcpdf\tcpdf_barcodes_1d.php on line 649
2024-08-09 10:20:52 - PHP Unknown:  Array and string offset access syntax with curly braces is deprecated in C:\xampp\htdocs\php_jefco\system\library\tcpdf\tcpdf_barcodes_1d.php on line 659
2024-08-09 10:20:52 - PHP Unknown:  Array and string offset access syntax with curly braces is deprecated in C:\xampp\htdocs\php_jefco\system\library\tcpdf\tcpdf_barcodes_1d.php on line 670
2024-08-09 10:20:52 - PHP Unknown:  Array and string offset access syntax with curly braces is deprecated in C:\xampp\htdocs\php_jefco\system\library\tcpdf\tcpdf_barcodes_1d.php on line 702
2024-08-09 10:20:52 - PHP Unknown:  Array and string offset access syntax with curly braces is deprecated in C:\xampp\htdocs\php_jefco\system\library\tcpdf\tcpdf_barcodes_1d.php on line 716
2024-08-09 10:20:52 - PHP Unknown:  Array and string offset access syntax with curly braces is deprecated in C:\xampp\htdocs\php_jefco\system\library\tcpdf\tcpdf_barcodes_1d.php on line 741
2024-08-09 10:20:52 - PHP Unknown:  Array and string offset access syntax with curly braces is deprecated in C:\xampp\htdocs\php_jefco\system\library\tcpdf\tcpdf_barcodes_1d.php on line 745
2024-08-09 10:20:52 - PHP Unknown:  Array and string offset access syntax with curly braces is deprecated in C:\xampp\htdocs\php_jefco\system\library\tcpdf\tcpdf_barcodes_1d.php on line 786
2024-08-09 10:20:52 - PHP Unknown:  Array and string offset access syntax with curly braces is deprecated in C:\xampp\htdocs\php_jefco\system\library\tcpdf\tcpdf_barcodes_1d.php on line 801
2024-08-09 10:20:52 - PHP Unknown:  Array and string offset access syntax with curly braces is deprecated in C:\xampp\htdocs\php_jefco\system\library\tcpdf\tcpdf_barcodes_1d.php on line 844
2024-08-09 10:20:52 - PHP Unknown:  Array and string offset access syntax with curly braces is deprecated in C:\xampp\htdocs\php_jefco\system\library\tcpdf\tcpdf_barcodes_1d.php on line 870
2024-08-09 10:20:52 - PHP Unknown:  Array and string offset access syntax with curly braces is deprecated in C:\xampp\htdocs\php_jefco\system\library\tcpdf\tcpdf_barcodes_1d.php on line 870
2024-08-09 10:20:52 - PHP Unknown:  Array and string offset access syntax with curly braces is deprecated in C:\xampp\htdocs\php_jefco\system\library\tcpdf\tcpdf_barcodes_1d.php on line 871
2024-08-09 10:20:52 - PHP Unknown:  Array and string offset access syntax with curly braces is deprecated in C:\xampp\htdocs\php_jefco\system\library\tcpdf\tcpdf_barcodes_1d.php on line 922
2024-08-09 10:20:52 - PHP Unknown:  Array and string offset access syntax with curly braces is deprecated in C:\xampp\htdocs\php_jefco\system\library\tcpdf\tcpdf_barcodes_1d.php on line 923
2024-08-09 10:20:52 - PHP Unknown:  Array and string offset access syntax with curly braces is deprecated in C:\xampp\htdocs\php_jefco\system\library\tcpdf\tcpdf_barcodes_1d.php on line 932
2024-08-09 10:20:52 - PHP Unknown:  Array and string offset access syntax with curly braces is deprecated in C:\xampp\htdocs\php_jefco\system\library\tcpdf\tcpdf_barcodes_1d.php on line 932
2024-08-09 10:20:52 - PHP Unknown:  Array and string offset access syntax with curly braces is deprecated in C:\xampp\htdocs\php_jefco\system\library\tcpdf\tcpdf_barcodes_1d.php on line 941
2024-08-09 10:20:52 - PHP Unknown:  Array and string offset access syntax with curly braces is deprecated in C:\xampp\htdocs\php_jefco\system\library\tcpdf\tcpdf_barcodes_1d.php on line 1088
2024-08-09 10:20:52 - PHP Unknown:  Array and string offset access syntax with curly braces is deprecated in C:\xampp\htdocs\php_jefco\system\library\tcpdf\tcpdf_barcodes_1d.php on line 1103
2024-08-09 10:20:52 - PHP Unknown:  Array and string offset access syntax with curly braces is deprecated in C:\xampp\htdocs\php_jefco\system\library\tcpdf\tcpdf_barcodes_1d.php on line 1127
2024-08-09 10:20:52 - PHP Unknown:  Array and string offset access syntax with curly braces is deprecated in C:\xampp\htdocs\php_jefco\system\library\tcpdf\tcpdf_barcodes_1d.php on line 1127
2024-08-09 10:20:52 - PHP Unknown:  Array and string offset access syntax with curly braces is deprecated in C:\xampp\htdocs\php_jefco\system\library\tcpdf\tcpdf_barcodes_1d.php on line 1183
2024-08-09 10:20:52 - PHP Unknown:  Array and string offset access syntax with curly braces is deprecated in C:\xampp\htdocs\php_jefco\system\library\tcpdf\tcpdf_barcodes_1d.php on line 1226
2024-08-09 10:20:52 - PHP Unknown:  Array and string offset access syntax with curly braces is deprecated in C:\xampp\htdocs\php_jefco\system\library\tcpdf\tcpdf_barcodes_1d.php on line 1243
2024-08-09 10:20:52 - PHP Unknown:  Array and string offset access syntax with curly braces is deprecated in C:\xampp\htdocs\php_jefco\system\library\tcpdf\tcpdf_barcodes_1d.php on line 1243
2024-08-09 10:20:52 - PHP Unknown:  Array and string offset access syntax with curly braces is deprecated in C:\xampp\htdocs\php_jefco\system\library\tcpdf\tcpdf_barcodes_1d.php on line 1274
2024-08-09 10:20:52 - PHP Unknown:  Array and string offset access syntax with curly braces is deprecated in C:\xampp\htdocs\php_jefco\system\library\tcpdf\tcpdf_barcodes_1d.php on line 1340
2024-08-09 10:20:52 - PHP Unknown:  Array and string offset access syntax with curly braces is deprecated in C:\xampp\htdocs\php_jefco\system\library\tcpdf\tcpdf_barcodes_1d.php on line 1347
2024-08-09 10:20:52 - PHP Unknown:  Array and string offset access syntax with curly braces is deprecated in C:\xampp\htdocs\php_jefco\system\library\tcpdf\tcpdf_barcodes_1d.php on line 1359
2024-08-09 10:20:52 - PHP Unknown:  Array and string offset access syntax with curly braces is deprecated in C:\xampp\htdocs\php_jefco\system\library\tcpdf\tcpdf_barcodes_1d.php on line 1470
2024-08-09 10:20:52 - PHP Unknown:  Array and string offset access syntax with curly braces is deprecated in C:\xampp\htdocs\php_jefco\system\library\tcpdf\tcpdf_barcodes_1d.php on line 1478
2024-08-09 10:20:52 - PHP Unknown:  Array and string offset access syntax with curly braces is deprecated in C:\xampp\htdocs\php_jefco\system\library\tcpdf\tcpdf_barcodes_1d.php on line 1483
2024-08-09 10:20:52 - PHP Unknown:  Array and string offset access syntax with curly braces is deprecated in C:\xampp\htdocs\php_jefco\system\library\tcpdf\tcpdf_barcodes_1d.php on line 1488
2024-08-09 10:20:52 - PHP Unknown:  Array and string offset access syntax with curly braces is deprecated in C:\xampp\htdocs\php_jefco\system\library\tcpdf\tcpdf_barcodes_1d.php on line 1496
2024-08-09 10:20:52 - PHP Unknown:  Array and string offset access syntax with curly braces is deprecated in C:\xampp\htdocs\php_jefco\system\library\tcpdf\tcpdf_barcodes_1d.php on line 1496
2024-08-09 10:20:52 - PHP Unknown:  Array and string offset access syntax with curly braces is deprecated in C:\xampp\htdocs\php_jefco\system\library\tcpdf\tcpdf_barcodes_1d.php on line 1497
2024-08-09 10:20:52 - PHP Unknown:  Array and string offset access syntax with curly braces is deprecated in C:\xampp\htdocs\php_jefco\system\library\tcpdf\tcpdf_barcodes_1d.php on line 1581
2024-08-09 10:20:52 - PHP Unknown:  Array and string offset access syntax with curly braces is deprecated in C:\xampp\htdocs\php_jefco\system\library\tcpdf\tcpdf_barcodes_1d.php on line 1632
2024-08-09 10:20:52 - PHP Unknown:  Array and string offset access syntax with curly braces is deprecated in C:\xampp\htdocs\php_jefco\system\library\tcpdf\tcpdf_barcodes_1d.php on line 1646
2024-08-09 10:20:52 - PHP Unknown:  Array and string offset access syntax with curly braces is deprecated in C:\xampp\htdocs\php_jefco\system\library\tcpdf\tcpdf_barcodes_1d.php on line 1759
2024-08-09 10:20:52 - PHP Unknown:  Array and string offset access syntax with curly braces is deprecated in C:\xampp\htdocs\php_jefco\system\library\tcpdf\tcpdf_barcodes_1d.php on line 1760
2024-08-09 10:20:52 - PHP Unknown:  Array and string offset access syntax with curly braces is deprecated in C:\xampp\htdocs\php_jefco\system\library\tcpdf\tcpdf_barcodes_1d.php on line 1777
2024-08-09 10:20:52 - PHP Unknown:  Array and string offset access syntax with curly braces is deprecated in C:\xampp\htdocs\php_jefco\system\library\tcpdf\tcpdf_barcodes_1d.php on line 1849
2024-08-09 10:20:52 - PHP Unknown:  Array and string offset access syntax with curly braces is deprecated in C:\xampp\htdocs\php_jefco\system\library\tcpdf\tcpdf_barcodes_1d.php on line 1852
2024-08-09 10:20:52 - PHP Unknown:  Array and string offset access syntax with curly braces is deprecated in C:\xampp\htdocs\php_jefco\system\library\tcpdf\tcpdf_barcodes_1d.php on line 1859
2024-08-09 10:20:52 - PHP Unknown:  Array and string offset access syntax with curly braces is deprecated in C:\xampp\htdocs\php_jefco\system\library\tcpdf\tcpdf_barcodes_1d.php on line 1899
2024-08-09 10:20:52 - PHP Unknown:  Array and string offset access syntax with curly braces is deprecated in C:\xampp\htdocs\php_jefco\system\library\tcpdf\tcpdf_barcodes_1d.php on line 1921
2024-08-09 10:20:52 - PHP Unknown:  Array and string offset access syntax with curly braces is deprecated in C:\xampp\htdocs\php_jefco\system\library\tcpdf\tcpdf_barcodes_1d.php on line 1940
2024-08-09 10:20:52 - PHP Unknown:  Array and string offset access syntax with curly braces is deprecated in C:\xampp\htdocs\php_jefco\system\library\tcpdf\tcpdf_barcodes_1d.php on line 1943
2024-08-09 10:20:52 - PHP Unknown:  Array and string offset access syntax with curly braces is deprecated in C:\xampp\htdocs\php_jefco\system\library\tcpdf\tcpdf_barcodes_1d.php on line 1950
2024-08-09 10:20:52 - PHP Unknown:  Array and string offset access syntax with curly braces is deprecated in C:\xampp\htdocs\php_jefco\system\library\tcpdf\tcpdf_barcodes_1d.php on line 2019
2024-08-09 10:20:52 - PHP Unknown:  Array and string offset access syntax with curly braces is deprecated in C:\xampp\htdocs\php_jefco\system\library\tcpdf\tcpdf_barcodes_1d.php on line 2258
2024-08-09 10:20:52 - PHP Notice:  Undefined index: product_code in C:\xampp\htdocs\php_jefco\admin\controller\inventory\purchase_invoice.php on line 2463
2024-08-09 10:20:52 - PHP Notice:  Undefined index: product_code in C:\xampp\htdocs\php_jefco\admin\controller\inventory\purchase_invoice.php on line 2463
2024-08-09 10:20:52 - PHP Notice:  Undefined index: product_code in C:\xampp\htdocs\php_jefco\admin\controller\inventory\purchase_invoice.php on line 2463
2024-08-09 10:20:52 - PHP Notice:  Undefined index: product_code in C:\xampp\htdocs\php_jefco\admin\controller\inventory\purchase_invoice.php on line 2463
2024-08-09 10:20:52 - PHP Notice:  Undefined index: product_code in C:\xampp\htdocs\php_jefco\admin\controller\inventory\purchase_invoice.php on line 2463
2024-08-09 10:21:06 - PHP Notice:  Undefined variable: href_gl_mapping_account in C:\xampp\htdocs\php_jefco\admin\view\template\common\column_left.tpl on line 68
2024-08-09 10:21:06 - PHP Notice:  Undefined index: gl_mapping_account in C:\xampp\htdocs\php_jefco\admin\view\template\common\column_left.tpl on line 68
2024-08-09 10:21:06 - PHP Notice:  Undefined variable: href_tool_dashboard in C:\xampp\htdocs\php_jefco\admin\view\template\common\column_left.tpl on line 231
2024-08-09 10:21:06 - PHP Notice:  Undefined index: class in C:\xampp\htdocs\php_jefco\admin\view\template\inventory\purchase_invoice_list.tpl on line 19
2024-08-09 10:21:06 - PHP Notice:  Undefined index: class in C:\xampp\htdocs\php_jefco\admin\view\template\inventory\purchase_invoice_list.tpl on line 19
2024-08-09 10:21:06 - PHP Notice:  Undefined index: class in C:\xampp\htdocs\php_jefco\admin\view\template\inventory\purchase_invoice_list.tpl on line 19
2024-08-09 10:21:06 - PHP Notice:  Undefined variable: column_right in C:\xampp\htdocs\php_jefco\admin\view\template\inventory\purchase_invoice_list.tpl on line 78
2024-08-09 10:21:20 - PHP Notice:  Undefined variable: href_gl_mapping_account in C:\xampp\htdocs\php_jefco\admin\view\template\common\column_left.tpl on line 68
2024-08-09 10:21:20 - PHP Notice:  Undefined index: gl_mapping_account in C:\xampp\htdocs\php_jefco\admin\view\template\common\column_left.tpl on line 68
2024-08-09 10:21:20 - PHP Notice:  Undefined variable: href_tool_dashboard in C:\xampp\htdocs\php_jefco\admin\view\template\common\column_left.tpl on line 231
2024-08-09 10:21:20 - PHP Notice:  Undefined index: class in C:\xampp\htdocs\php_jefco\admin\view\template\inventory\purchase_invoice_list.tpl on line 19
2024-08-09 10:21:20 - PHP Notice:  Undefined index: class in C:\xampp\htdocs\php_jefco\admin\view\template\inventory\purchase_invoice_list.tpl on line 19
2024-08-09 10:21:20 - PHP Notice:  Undefined index: class in C:\xampp\htdocs\php_jefco\admin\view\template\inventory\purchase_invoice_list.tpl on line 19
2024-08-09 10:21:20 - PHP Notice:  Undefined variable: column_right in C:\xampp\htdocs\php_jefco\admin\view\template\inventory\purchase_invoice_list.tpl on line 78
2024-08-09 10:21:23 - PHP Notice:  Undefined index: partner_category_id in C:\xampp\htdocs\php_jefco\admin\controller\inventory\purchase_invoice.php on line 2397
2024-08-09 10:21:23 - PHP Warning:  chr() expects parameter 1 to be int, string given in C:\xampp\htdocs\php_jefco\system\library\tcpdf\include\tcpdf_fonts.php on line 1671
2024-08-09 10:21:23 - PHP Notice:  Undefined index: product_code in C:\xampp\htdocs\php_jefco\admin\controller\inventory\purchase_invoice.php on line 2463
2024-08-09 10:21:23 - PHP Unknown:  Array and string offset access syntax with curly braces is deprecated in C:\xampp\htdocs\php_jefco\system\library\tcpdf\tcpdf_barcodes_1d.php on line 456
2024-08-09 10:21:23 - PHP Unknown:  Array and string offset access syntax with curly braces is deprecated in C:\xampp\htdocs\php_jefco\system\library\tcpdf\tcpdf_barcodes_1d.php on line 467
2024-08-09 10:21:23 - PHP Unknown:  Array and string offset access syntax with curly braces is deprecated in C:\xampp\htdocs\php_jefco\system\library\tcpdf\tcpdf_barcodes_1d.php on line 523
2024-08-09 10:21:23 - PHP Unknown:  Array and string offset access syntax with curly braces is deprecated in C:\xampp\htdocs\php_jefco\system\library\tcpdf\tcpdf_barcodes_1d.php on line 526
2024-08-09 10:21:23 - PHP Unknown:  Array and string offset access syntax with curly braces is deprecated in C:\xampp\htdocs\php_jefco\system\library\tcpdf\tcpdf_barcodes_1d.php on line 546
2024-08-09 10:21:23 - PHP Unknown:  Array and string offset access syntax with curly braces is deprecated in C:\xampp\htdocs\php_jefco\system\library\tcpdf\tcpdf_barcodes_1d.php on line 646
2024-08-09 10:21:23 - PHP Unknown:  Array and string offset access syntax with curly braces is deprecated in C:\xampp\htdocs\php_jefco\system\library\tcpdf\tcpdf_barcodes_1d.php on line 649
2024-08-09 10:21:23 - PHP Unknown:  Array and string offset access syntax with curly braces is deprecated in C:\xampp\htdocs\php_jefco\system\library\tcpdf\tcpdf_barcodes_1d.php on line 659
2024-08-09 10:21:23 - PHP Unknown:  Array and string offset access syntax with curly braces is deprecated in C:\xampp\htdocs\php_jefco\system\library\tcpdf\tcpdf_barcodes_1d.php on line 670
2024-08-09 10:21:23 - PHP Unknown:  Array and string offset access syntax with curly braces is deprecated in C:\xampp\htdocs\php_jefco\system\library\tcpdf\tcpdf_barcodes_1d.php on line 702
2024-08-09 10:21:23 - PHP Unknown:  Array and string offset access syntax with curly braces is deprecated in C:\xampp\htdocs\php_jefco\system\library\tcpdf\tcpdf_barcodes_1d.php on line 716
2024-08-09 10:21:23 - PHP Unknown:  Array and string offset access syntax with curly braces is deprecated in C:\xampp\htdocs\php_jefco\system\library\tcpdf\tcpdf_barcodes_1d.php on line 741
2024-08-09 10:21:23 - PHP Unknown:  Array and string offset access syntax with curly braces is deprecated in C:\xampp\htdocs\php_jefco\system\library\tcpdf\tcpdf_barcodes_1d.php on line 745
2024-08-09 10:21:23 - PHP Unknown:  Array and string offset access syntax with curly braces is deprecated in C:\xampp\htdocs\php_jefco\system\library\tcpdf\tcpdf_barcodes_1d.php on line 786
2024-08-09 10:21:23 - PHP Unknown:  Array and string offset access syntax with curly braces is deprecated in C:\xampp\htdocs\php_jefco\system\library\tcpdf\tcpdf_barcodes_1d.php on line 801
2024-08-09 10:21:23 - PHP Unknown:  Array and string offset access syntax with curly braces is deprecated in C:\xampp\htdocs\php_jefco\system\library\tcpdf\tcpdf_barcodes_1d.php on line 844
2024-08-09 10:21:23 - PHP Unknown:  Array and string offset access syntax with curly braces is deprecated in C:\xampp\htdocs\php_jefco\system\library\tcpdf\tcpdf_barcodes_1d.php on line 870
2024-08-09 10:21:23 - PHP Unknown:  Array and string offset access syntax with curly braces is deprecated in C:\xampp\htdocs\php_jefco\system\library\tcpdf\tcpdf_barcodes_1d.php on line 870
2024-08-09 10:21:23 - PHP Unknown:  Array and string offset access syntax with curly braces is deprecated in C:\xampp\htdocs\php_jefco\system\library\tcpdf\tcpdf_barcodes_1d.php on line 871
2024-08-09 10:21:23 - PHP Unknown:  Array and string offset access syntax with curly braces is deprecated in C:\xampp\htdocs\php_jefco\system\library\tcpdf\tcpdf_barcodes_1d.php on line 922
2024-08-09 10:21:23 - PHP Unknown:  Array and string offset access syntax with curly braces is deprecated in C:\xampp\htdocs\php_jefco\system\library\tcpdf\tcpdf_barcodes_1d.php on line 923
2024-08-09 10:21:23 - PHP Unknown:  Array and string offset access syntax with curly braces is deprecated in C:\xampp\htdocs\php_jefco\system\library\tcpdf\tcpdf_barcodes_1d.php on line 932
2024-08-09 10:21:23 - PHP Unknown:  Array and string offset access syntax with curly braces is deprecated in C:\xampp\htdocs\php_jefco\system\library\tcpdf\tcpdf_barcodes_1d.php on line 932
2024-08-09 10:21:23 - PHP Unknown:  Array and string offset access syntax with curly braces is deprecated in C:\xampp\htdocs\php_jefco\system\library\tcpdf\tcpdf_barcodes_1d.php on line 941
2024-08-09 10:21:23 - PHP Unknown:  Array and string offset access syntax with curly braces is deprecated in C:\xampp\htdocs\php_jefco\system\library\tcpdf\tcpdf_barcodes_1d.php on line 1088
2024-08-09 10:21:23 - PHP Unknown:  Array and string offset access syntax with curly braces is deprecated in C:\xampp\htdocs\php_jefco\system\library\tcpdf\tcpdf_barcodes_1d.php on line 1103
2024-08-09 10:21:23 - PHP Unknown:  Array and string offset access syntax with curly braces is deprecated in C:\xampp\htdocs\php_jefco\system\library\tcpdf\tcpdf_barcodes_1d.php on line 1127
2024-08-09 10:21:23 - PHP Unknown:  Array and string offset access syntax with curly braces is deprecated in C:\xampp\htdocs\php_jefco\system\library\tcpdf\tcpdf_barcodes_1d.php on line 1127
2024-08-09 10:21:23 - PHP Unknown:  Array and string offset access syntax with curly braces is deprecated in C:\xampp\htdocs\php_jefco\system\library\tcpdf\tcpdf_barcodes_1d.php on line 1183
2024-08-09 10:21:23 - PHP Unknown:  Array and string offset access syntax with curly braces is deprecated in C:\xampp\htdocs\php_jefco\system\library\tcpdf\tcpdf_barcodes_1d.php on line 1226
2024-08-09 10:21:23 - PHP Unknown:  Array and string offset access syntax with curly braces is deprecated in C:\xampp\htdocs\php_jefco\system\library\tcpdf\tcpdf_barcodes_1d.php on line 1243
2024-08-09 10:21:23 - PHP Unknown:  Array and string offset access syntax with curly braces is deprecated in C:\xampp\htdocs\php_jefco\system\library\tcpdf\tcpdf_barcodes_1d.php on line 1243
2024-08-09 10:21:23 - PHP Unknown:  Array and string offset access syntax with curly braces is deprecated in C:\xampp\htdocs\php_jefco\system\library\tcpdf\tcpdf_barcodes_1d.php on line 1274
2024-08-09 10:21:23 - PHP Unknown:  Array and string offset access syntax with curly braces is deprecated in C:\xampp\htdocs\php_jefco\system\library\tcpdf\tcpdf_barcodes_1d.php on line 1340
2024-08-09 10:21:23 - PHP Unknown:  Array and string offset access syntax with curly braces is deprecated in C:\xampp\htdocs\php_jefco\system\library\tcpdf\tcpdf_barcodes_1d.php on line 1347
2024-08-09 10:21:23 - PHP Unknown:  Array and string offset access syntax with curly braces is deprecated in C:\xampp\htdocs\php_jefco\system\library\tcpdf\tcpdf_barcodes_1d.php on line 1359
2024-08-09 10:21:23 - PHP Unknown:  Array and string offset access syntax with curly braces is deprecated in C:\xampp\htdocs\php_jefco\system\library\tcpdf\tcpdf_barcodes_1d.php on line 1470
2024-08-09 10:21:23 - PHP Unknown:  Array and string offset access syntax with curly braces is deprecated in C:\xampp\htdocs\php_jefco\system\library\tcpdf\tcpdf_barcodes_1d.php on line 1478
2024-08-09 10:21:23 - PHP Unknown:  Array and string offset access syntax with curly braces is deprecated in C:\xampp\htdocs\php_jefco\system\library\tcpdf\tcpdf_barcodes_1d.php on line 1483
2024-08-09 10:21:23 - PHP Unknown:  Array and string offset access syntax with curly braces is deprecated in C:\xampp\htdocs\php_jefco\system\library\tcpdf\tcpdf_barcodes_1d.php on line 1488
2024-08-09 10:21:23 - PHP Unknown:  Array and string offset access syntax with curly braces is deprecated in C:\xampp\htdocs\php_jefco\system\library\tcpdf\tcpdf_barcodes_1d.php on line 1496
2024-08-09 10:21:23 - PHP Unknown:  Array and string offset access syntax with curly braces is deprecated in C:\xampp\htdocs\php_jefco\system\library\tcpdf\tcpdf_barcodes_1d.php on line 1496
2024-08-09 10:21:23 - PHP Unknown:  Array and string offset access syntax with curly braces is deprecated in C:\xampp\htdocs\php_jefco\system\library\tcpdf\tcpdf_barcodes_1d.php on line 1497
2024-08-09 10:21:23 - PHP Unknown:  Array and string offset access syntax with curly braces is deprecated in C:\xampp\htdocs\php_jefco\system\library\tcpdf\tcpdf_barcodes_1d.php on line 1581
2024-08-09 10:21:23 - PHP Unknown:  Array and string offset access syntax with curly braces is deprecated in C:\xampp\htdocs\php_jefco\system\library\tcpdf\tcpdf_barcodes_1d.php on line 1632
2024-08-09 10:21:23 - PHP Unknown:  Array and string offset access syntax with curly braces is deprecated in C:\xampp\htdocs\php_jefco\system\library\tcpdf\tcpdf_barcodes_1d.php on line 1646
2024-08-09 10:21:23 - PHP Unknown:  Array and string offset access syntax with curly braces is deprecated in C:\xampp\htdocs\php_jefco\system\library\tcpdf\tcpdf_barcodes_1d.php on line 1759
2024-08-09 10:21:23 - PHP Unknown:  Array and string offset access syntax with curly braces is deprecated in C:\xampp\htdocs\php_jefco\system\library\tcpdf\tcpdf_barcodes_1d.php on line 1760
2024-08-09 10:21:23 - PHP Unknown:  Array and string offset access syntax with curly braces is deprecated in C:\xampp\htdocs\php_jefco\system\library\tcpdf\tcpdf_barcodes_1d.php on line 1777
2024-08-09 10:21:23 - PHP Unknown:  Array and string offset access syntax with curly braces is deprecated in C:\xampp\htdocs\php_jefco\system\library\tcpdf\tcpdf_barcodes_1d.php on line 1849
2024-08-09 10:21:23 - PHP Unknown:  Array and string offset access syntax with curly braces is deprecated in C:\xampp\htdocs\php_jefco\system\library\tcpdf\tcpdf_barcodes_1d.php on line 1852
2024-08-09 10:21:23 - PHP Unknown:  Array and string offset access syntax with curly braces is deprecated in C:\xampp\htdocs\php_jefco\system\library\tcpdf\tcpdf_barcodes_1d.php on line 1859
2024-08-09 10:21:23 - PHP Unknown:  Array and string offset access syntax with curly braces is deprecated in C:\xampp\htdocs\php_jefco\system\library\tcpdf\tcpdf_barcodes_1d.php on line 1899
2024-08-09 10:21:23 - PHP Unknown:  Array and string offset access syntax with curly braces is deprecated in C:\xampp\htdocs\php_jefco\system\library\tcpdf\tcpdf_barcodes_1d.php on line 1921
2024-08-09 10:21:23 - PHP Unknown:  Array and string offset access syntax with curly braces is deprecated in C:\xampp\htdocs\php_jefco\system\library\tcpdf\tcpdf_barcodes_1d.php on line 1940
2024-08-09 10:21:23 - PHP Unknown:  Array and string offset access syntax with curly braces is deprecated in C:\xampp\htdocs\php_jefco\system\library\tcpdf\tcpdf_barcodes_1d.php on line 1943
2024-08-09 10:21:23 - PHP Unknown:  Array and string offset access syntax with curly braces is deprecated in C:\xampp\htdocs\php_jefco\system\library\tcpdf\tcpdf_barcodes_1d.php on line 1950
2024-08-09 10:21:23 - PHP Unknown:  Array and string offset access syntax with curly braces is deprecated in C:\xampp\htdocs\php_jefco\system\library\tcpdf\tcpdf_barcodes_1d.php on line 2019
2024-08-09 10:21:23 - PHP Unknown:  Array and string offset access syntax with curly braces is deprecated in C:\xampp\htdocs\php_jefco\system\library\tcpdf\tcpdf_barcodes_1d.php on line 2258
2024-08-09 10:21:23 - PHP Notice:  Undefined index: product_code in C:\xampp\htdocs\php_jefco\admin\controller\inventory\purchase_invoice.php on line 2463
2024-08-09 10:21:23 - PHP Notice:  Undefined index: product_code in C:\xampp\htdocs\php_jefco\admin\controller\inventory\purchase_invoice.php on line 2463
2024-08-09 10:21:23 - PHP Notice:  Undefined index: product_code in C:\xampp\htdocs\php_jefco\admin\controller\inventory\purchase_invoice.php on line 2463
2024-08-09 10:21:23 - PHP Notice:  Undefined index: product_code in C:\xampp\htdocs\php_jefco\admin\controller\inventory\purchase_invoice.php on line 2463
2024-08-09 10:21:23 - PHP Notice:  Undefined index: product_code in C:\xampp\htdocs\php_jefco\admin\controller\inventory\purchase_invoice.php on line 2463
2024-08-09 10:21:51 - PHP Notice:  Undefined variable: href_gl_mapping_account in C:\xampp\htdocs\php_jefco\admin\view\template\common\column_left.tpl on line 68
2024-08-09 10:21:51 - PHP Notice:  Undefined index: gl_mapping_account in C:\xampp\htdocs\php_jefco\admin\view\template\common\column_left.tpl on line 68
2024-08-09 10:21:51 - PHP Notice:  Undefined variable: href_tool_dashboard in C:\xampp\htdocs\php_jefco\admin\view\template\common\column_left.tpl on line 231
2024-08-09 10:21:51 - PHP Notice:  Undefined index: class in C:\xampp\htdocs\php_jefco\admin\view\template\inventory\sale_tax_invoice_list.tpl on line 19
2024-08-09 10:21:51 - PHP Notice:  Undefined index: class in C:\xampp\htdocs\php_jefco\admin\view\template\inventory\sale_tax_invoice_list.tpl on line 19
2024-08-09 10:21:51 - PHP Notice:  Undefined index: class in C:\xampp\htdocs\php_jefco\admin\view\template\inventory\sale_tax_invoice_list.tpl on line 19
2024-08-09 10:21:51 - PHP Notice:  Undefined variable: column_right in C:\xampp\htdocs\php_jefco\admin\view\template\inventory\sale_tax_invoice_list.tpl on line 79
2024-08-09 10:21:56 - PHP Notice:  Undefined variable: href_gl_mapping_account in C:\xampp\htdocs\php_jefco\admin\view\template\common\column_left.tpl on line 68
2024-08-09 10:21:56 - PHP Notice:  Undefined index: gl_mapping_account in C:\xampp\htdocs\php_jefco\admin\view\template\common\column_left.tpl on line 68
2024-08-09 10:21:56 - PHP Notice:  Undefined variable: href_tool_dashboard in C:\xampp\htdocs\php_jefco\admin\view\template\common\column_left.tpl on line 231
2024-08-09 10:21:56 - PHP Notice:  Undefined index: class in C:\xampp\htdocs\php_jefco\admin\view\template\inventory\sale_tax_invoice_list.tpl on line 19
2024-08-09 10:21:56 - PHP Notice:  Undefined index: class in C:\xampp\htdocs\php_jefco\admin\view\template\inventory\sale_tax_invoice_list.tpl on line 19
2024-08-09 10:21:56 - PHP Notice:  Undefined index: class in C:\xampp\htdocs\php_jefco\admin\view\template\inventory\sale_tax_invoice_list.tpl on line 19
2024-08-09 10:21:56 - PHP Notice:  Undefined variable: column_right in C:\xampp\htdocs\php_jefco\admin\view\template\inventory\sale_tax_invoice_list.tpl on line 79
2024-08-09 10:21:59 - PHP Notice:  Undefined variable: href_gl_mapping_account in C:\xampp\htdocs\php_jefco\admin\view\template\common\column_left.tpl on line 68
2024-08-09 10:21:59 - PHP Notice:  Undefined index: gl_mapping_account in C:\xampp\htdocs\php_jefco\admin\view\template\common\column_left.tpl on line 68
2024-08-09 10:21:59 - PHP Notice:  Undefined variable: href_tool_dashboard in C:\xampp\htdocs\php_jefco\admin\view\template\common\column_left.tpl on line 231
2024-08-09 10:21:59 - PHP Notice:  Undefined index: class in C:\xampp\htdocs\php_jefco\admin\view\template\inventory\sale_tax_invoice_list.tpl on line 19
2024-08-09 10:21:59 - PHP Notice:  Undefined index: class in C:\xampp\htdocs\php_jefco\admin\view\template\inventory\sale_tax_invoice_list.tpl on line 19
2024-08-09 10:21:59 - PHP Notice:  Undefined index: class in C:\xampp\htdocs\php_jefco\admin\view\template\inventory\sale_tax_invoice_list.tpl on line 19
2024-08-09 10:21:59 - PHP Notice:  Undefined variable: column_right in C:\xampp\htdocs\php_jefco\admin\view\template\inventory\sale_tax_invoice_list.tpl on line 79
2024-08-09 10:22:00 - PHP Notice:  Undefined index: sale_tax_invoice_id in C:\xampp\htdocs\php_jefco\system\engine\hcontroller.php on line 223
2024-08-09 10:22:00 - PHP Notice:  Undefined index: sale_tax_invoice_id in C:\xampp\htdocs\php_jefco\system\engine\hcontroller.php on line 224
2024-08-09 10:22:01 - PHP Notice:  Undefined index: sale_tax_invoice_id in C:\xampp\htdocs\php_jefco\admin\controller\inventory\sale_tax_invoice.php on line 335
2024-08-09 10:22:01 - PHP Notice:  Undefined index: sale_tax_invoice_id in C:\xampp\htdocs\php_jefco\admin\controller\inventory\sale_tax_invoice.php on line 337
2024-08-09 10:22:01 - PHP Notice:  Undefined index: announcement_id in C:\xampp\htdocs\php_jefco\admin\controller\inventory\sale_tax_invoice.php on line 339
2024-08-09 10:22:01 - PHP Notice:  Undefined index: sale_tax_invoice_id in C:\xampp\htdocs\php_jefco\admin\controller\inventory\sale_tax_invoice.php on line 341
2024-08-09 10:22:01 - PHP Notice:  Undefined index: sale_tax_invoice_id in C:\xampp\htdocs\php_jefco\admin\controller\inventory\sale_tax_invoice.php on line 343
2024-08-09 10:22:01 - PHP Notice:  Undefined index: sale_tax_invoice_id in C:\xampp\htdocs\php_jefco\admin\controller\inventory\sale_tax_invoice.php on line 345
2024-08-09 10:22:01 - PHP Notice:  Undefined index: sale_tax_invoice_id in C:\xampp\htdocs\php_jefco\admin\controller\inventory\sale_tax_invoice.php on line 347
2024-08-09 10:22:01 - PHP Notice:  Undefined index: sale_tax_invoice_id in C:\xampp\htdocs\php_jefco\admin\controller\inventory\sale_tax_invoice.php on line 349
2024-08-09 10:22:01 - PHP Notice:  Undefined index: sale_tax_invoice_id in C:\xampp\htdocs\php_jefco\admin\controller\inventory\sale_tax_invoice.php on line 351
2024-08-09 10:22:01 - PHP Notice:  Undefined index: sale_tax_invoice_id in C:\xampp\htdocs\php_jefco\admin\controller\inventory\sale_tax_invoice.php on line 353
2024-08-09 10:22:01 - PHP Notice:  Undefined index: sale_tax_invoice_id in C:\xampp\htdocs\php_jefco\admin\controller\inventory\sale_tax_invoice.php on line 355
2024-08-09 10:22:01 - PHP Notice:  Undefined index: sale_tax_invoice_id in C:\xampp\htdocs\php_jefco\admin\controller\inventory\sale_tax_invoice.php on line 357
2024-08-09 10:22:01 - PHP Notice:  Undefined variable: href_gl_mapping_account in C:\xampp\htdocs\php_jefco\admin\view\template\common\column_left.tpl on line 68
2024-08-09 10:22:01 - PHP Notice:  Undefined index: gl_mapping_account in C:\xampp\htdocs\php_jefco\admin\view\template\common\column_left.tpl on line 68
2024-08-09 10:22:01 - PHP Notice:  Undefined variable: href_tool_dashboard in C:\xampp\htdocs\php_jefco\admin\view\template\common\column_left.tpl on line 231
2024-08-09 10:22:01 - PHP Notice:  Undefined index: class in C:\xampp\htdocs\php_jefco\admin\view\template\inventory\sale_tax_invoice_form.tpl on line 31
2024-08-09 10:22:01 - PHP Notice:  Undefined index: class in C:\xampp\htdocs\php_jefco\admin\view\template\inventory\sale_tax_invoice_form.tpl on line 31
2024-08-09 10:22:01 - PHP Notice:  Undefined index: class in C:\xampp\htdocs\php_jefco\admin\view\template\inventory\sale_tax_invoice_form.tpl on line 31
2024-08-09 10:22:01 - PHP Notice:  Undefined variable: is_post in C:\xampp\htdocs\php_jefco\admin\view\template\inventory\sale_tax_invoice_form.tpl on line 87
2024-08-09 10:22:01 - PHP Notice:  Undefined variable: action in C:\xampp\htdocs\php_jefco\admin\view\template\inventory\sale_tax_invoice_form.tpl on line 115
2024-08-09 10:22:01 - PHP Notice:  Undefined variable: document_type_id in C:\xampp\htdocs\php_jefco\admin\view\template\inventory\sale_tax_invoice_form.tpl on line 117
2024-08-09 10:22:01 - PHP Notice:  Undefined variable: sale_tax_invoice_id in C:\xampp\htdocs\php_jefco\admin\view\template\inventory\sale_tax_invoice_form.tpl on line 118
2024-08-09 10:22:01 - PHP Notice:  Undefined variable: invoice_type in C:\xampp\htdocs\php_jefco\admin\view\template\inventory\sale_tax_invoice_form.tpl on line 142
2024-08-09 10:22:01 - PHP Notice:  Undefined variable: invoice_type in C:\xampp\htdocs\php_jefco\admin\view\template\inventory\sale_tax_invoice_form.tpl on line 150
2024-08-09 10:22:01 - PHP Notice:  Undefined variable: document_identity in C:\xampp\htdocs\php_jefco\admin\view\template\inventory\sale_tax_invoice_form.tpl on line 163
2024-08-09 10:22:01 - PHP Notice:  Undefined variable: remarks in C:\xampp\htdocs\php_jefco\admin\view\template\inventory\sale_tax_invoice_form.tpl on line 199
2024-08-09 10:22:01 - PHP Notice:  Undefined variable: customer_no in C:\xampp\htdocs\php_jefco\admin\view\template\inventory\sale_tax_invoice_form.tpl on line 205
2024-08-09 10:22:01 - PHP Notice:  Undefined variable: po_no in C:\xampp\htdocs\php_jefco\admin\view\template\inventory\sale_tax_invoice_form.tpl on line 254
2024-08-09 10:22:01 - PHP Notice:  Undefined variable: dc_no in C:\xampp\htdocs\php_jefco\admin\view\template\inventory\sale_tax_invoice_form.tpl on line 255
2024-08-09 10:22:01 - PHP Notice:  Undefined variable: po_date in C:\xampp\htdocs\php_jefco\admin\view\template\inventory\sale_tax_invoice_form.tpl on line 262
2024-08-09 10:22:01 - PHP Notice:  Undefined variable: billty_no in C:\xampp\htdocs\php_jefco\admin\view\template\inventory\sale_tax_invoice_form.tpl on line 268
2024-08-09 10:22:01 - PHP Notice:  Undefined variable: billty_date in C:\xampp\htdocs\php_jefco\admin\view\template\inventory\sale_tax_invoice_form.tpl on line 274
2024-08-09 10:22:01 - PHP Notice:  Undefined variable: customer_remarks in C:\xampp\htdocs\php_jefco\admin\view\template\inventory\sale_tax_invoice_form.tpl on line 280
2024-08-09 10:22:01 - PHP Notice:  Undefined variable: last_rate in C:\xampp\htdocs\php_jefco\admin\view\template\inventory\sale_tax_invoice_form.tpl on line 286
2024-08-09 10:22:01 - PHP Notice:  Undefined variable: sale_tax_invoice_details in C:\xampp\htdocs\php_jefco\admin\view\template\inventory\sale_tax_invoice_form.tpl on line 320
2024-08-09 10:22:01 - PHP Warning:  Invalid argument supplied for foreach() in C:\xampp\htdocs\php_jefco\admin\view\template\inventory\sale_tax_invoice_form.tpl on line 320
2024-08-09 10:22:01 - PHP Notice:  Undefined variable: sale_tax_invoice_details in C:\xampp\htdocs\php_jefco\admin\view\template\inventory\sale_tax_invoice_form.tpl on line 440
2024-08-09 10:22:01 - PHP Warning:  count(): Parameter must be an array or an object that implements Countable in C:\xampp\htdocs\php_jefco\admin\view\template\inventory\sale_tax_invoice_form.tpl on line 440
2024-08-09 10:22:01 - PHP Notice:  Undefined variable: total_qty in C:\xampp\htdocs\php_jefco\admin\view\template\inventory\sale_tax_invoice_form.tpl on line 453
2024-08-09 10:22:01 - PHP Notice:  Undefined variable: item_amount in C:\xampp\htdocs\php_jefco\admin\view\template\inventory\sale_tax_invoice_form.tpl on line 459
2024-08-09 10:22:01 - PHP Notice:  Undefined variable: discount_amount in C:\xampp\htdocs\php_jefco\admin\view\template\inventory\sale_tax_invoice_form.tpl on line 465
2024-08-09 10:22:01 - PHP Notice:  Undefined variable: cartage in C:\xampp\htdocs\php_jefco\admin\view\template\inventory\sale_tax_invoice_form.tpl on line 471
2024-08-09 10:22:01 - PHP Notice:  Undefined variable: net_amount in C:\xampp\htdocs\php_jefco\admin\view\template\inventory\sale_tax_invoice_form.tpl on line 477
2024-08-09 10:22:01 - PHP Notice:  Undefined variable: cash_received in C:\xampp\htdocs\php_jefco\admin\view\template\inventory\sale_tax_invoice_form.tpl on line 483
2024-08-09 10:22:01 - PHP Notice:  Undefined variable: balance_amount in C:\xampp\htdocs\php_jefco\admin\view\template\inventory\sale_tax_invoice_form.tpl on line 489
2024-08-09 10:22:01 - PHP Notice:  Undefined variable: item_discount in C:\xampp\htdocs\php_jefco\admin\view\template\inventory\sale_tax_invoice_form.tpl on line 497
2024-08-09 10:22:01 - PHP Notice:  Undefined variable: item_tax in C:\xampp\htdocs\php_jefco\admin\view\template\inventory\sale_tax_invoice_form.tpl on line 503
2024-08-09 10:22:01 - PHP Notice:  Undefined variable: item_total in C:\xampp\htdocs\php_jefco\admin\view\template\inventory\sale_tax_invoice_form.tpl on line 509
2024-08-09 10:22:01 - PHP Notice:  Undefined variable: tax_per in C:\xampp\htdocs\php_jefco\admin\view\template\inventory\sale_tax_invoice_form.tpl on line 517
2024-08-09 10:22:01 - PHP Notice:  Undefined variable: discount_amount in C:\xampp\htdocs\php_jefco\admin\view\template\inventory\sale_tax_invoice_form.tpl on line 524
2024-08-09 10:22:01 - PHP Notice:  Undefined variable: cartage in C:\xampp\htdocs\php_jefco\admin\view\template\inventory\sale_tax_invoice_form.tpl on line 530
2024-08-09 10:22:01 - PHP Notice:  Undefined variable: net_amount in C:\xampp\htdocs\php_jefco\admin\view\template\inventory\sale_tax_invoice_form.tpl on line 536
2024-08-09 10:22:01 - PHP Notice:  Undefined variable: is_post in C:\xampp\htdocs\php_jefco\admin\view\template\inventory\sale_tax_invoice_form.tpl on line 593
2024-08-09 10:22:01 - PHP Notice:  Undefined variable: isEdit in C:\xampp\htdocs\php_jefco\admin\view\template\inventory\sale_tax_invoice_form.tpl on line 615
2024-08-09 10:22:01 - PHP Notice:  Undefined variable: sale_type in C:\xampp\htdocs\php_jefco\admin\view\template\inventory\sale_tax_invoice_form.tpl on line 617
2024-08-09 10:22:01 - PHP Notice:  Undefined variable: partner_id in C:\xampp\htdocs\php_jefco\admin\view\template\inventory\sale_tax_invoice_form.tpl on line 620
2024-08-09 10:22:01 - PHP Notice:  Undefined variable: products in C:\xampp\htdocs\php_jefco\admin\view\template\inventory\sale_tax_invoice_form.tpl on line 629
2024-08-09 10:22:01 - PHP Notice:  Undefined variable: customer_no in C:\xampp\htdocs\php_jefco\admin\view\template\inventory\sale_tax_invoice_form.tpl on line 631
2024-08-09 10:22:01 - PHP Notice:  Undefined index: sale_tax_invoice_id in C:\xampp\htdocs\php_jefco\admin\view\template\inventory\sale_tax_invoice_form.tpl on line 686
2024-08-09 10:22:01 - PHP Notice:  Undefined variable: column_right in C:\xampp\htdocs\php_jefco\admin\view\template\inventory\sale_tax_invoice_form.tpl on line 771
2024-08-09 10:22:05 - PHP Notice:  Undefined index: page in C:\xampp\htdocs\php_jefco\admin\controller\inventory\sale_tax_invoice.php on line 383
2024-08-09 10:22:08 - PHP Notice:  Undefined index: page in C:\xampp\htdocs\php_jefco\admin\controller\inventory\sale_tax_invoice.php on line 383
2024-08-09 10:23:00 - PHP Notice:  Undefined variable: href_gl_mapping_account in C:\xampp\htdocs\php_jefco\admin\view\template\common\column_left.tpl on line 68
2024-08-09 10:23:00 - PHP Notice:  Undefined index: gl_mapping_account in C:\xampp\htdocs\php_jefco\admin\view\template\common\column_left.tpl on line 68
2024-08-09 10:23:00 - PHP Notice:  Undefined variable: href_tool_dashboard in C:\xampp\htdocs\php_jefco\admin\view\template\common\column_left.tpl on line 231
2024-08-09 10:23:00 - PHP Notice:  Undefined index: class in C:\xampp\htdocs\php_jefco\admin\view\template\report\purchase_invoice_report.tpl on line 18
2024-08-09 10:23:00 - PHP Notice:  Undefined index: class in C:\xampp\htdocs\php_jefco\admin\view\template\report\purchase_invoice_report.tpl on line 18
2024-08-09 10:23:00 - PHP Notice:  Undefined index: class in C:\xampp\htdocs\php_jefco\admin\view\template\report\purchase_invoice_report.tpl on line 18
2024-08-09 10:23:00 - PHP Warning:  Use of undefined constant from_date - assumed 'from_date' (this will throw an Error in a future version of PHP) in C:\xampp\htdocs\php_jefco\admin\view\template\report\purchase_invoice_report.tpl on line 61
2024-08-09 10:23:00 - PHP Warning:  Use of undefined constant to_date - assumed 'to_date' (this will throw an Error in a future version of PHP) in C:\xampp\htdocs\php_jefco\admin\view\template\report\purchase_invoice_report.tpl on line 67
2024-08-09 10:23:00 - PHP Notice:  Undefined variable: partner_type_id in C:\xampp\htdocs\php_jefco\admin\view\template\report\purchase_invoice_report.tpl on line 79
2024-08-09 10:23:00 - PHP Notice:  Undefined variable: partner_type_id in C:\xampp\htdocs\php_jefco\admin\view\template\report\purchase_invoice_report.tpl on line 79
2024-08-09 10:23:00 - PHP Notice:  Undefined variable: container_no in C:\xampp\htdocs\php_jefco\admin\view\template\report\purchase_invoice_report.tpl on line 128
2024-08-09 10:23:00 - PHP Warning:  Use of undefined constant group_by - assumed 'group_by' (this will throw an Error in a future version of PHP) in C:\xampp\htdocs\php_jefco\admin\view\template\report\purchase_invoice_report.tpl on line 133
2024-08-09 10:23:00 - PHP Warning:  Use of undefined constant text_document - assumed 'text_document' (this will throw an Error in a future version of PHP) in C:\xampp\htdocs\php_jefco\admin\view\template\report\purchase_invoice_report.tpl on line 135
2024-08-09 10:23:00 - PHP Warning:  Use of undefined constant text_partner - assumed 'text_partner' (this will throw an Error in a future version of PHP) in C:\xampp\htdocs\php_jefco\admin\view\template\report\purchase_invoice_report.tpl on line 136
2024-08-09 10:23:00 - PHP Warning:  Use of undefined constant text_warehouse - assumed 'text_warehouse' (this will throw an Error in a future version of PHP) in C:\xampp\htdocs\php_jefco\admin\view\template\report\purchase_invoice_report.tpl on line 137
2024-08-09 10:23:00 - PHP Warning:  Use of undefined constant text_product - assumed 'text_product' (this will throw an Error in a future version of PHP) in C:\xampp\htdocs\php_jefco\admin\view\template\report\purchase_invoice_report.tpl on line 138
2024-08-09 10:23:00 - PHP Warning:  Use of undefined constant text_container - assumed 'text_container' (this will throw an Error in a future version of PHP) in C:\xampp\htdocs\php_jefco\admin\view\template\report\purchase_invoice_report.tpl on line 139
2024-08-09 10:23:00 - PHP Notice:  Undefined variable: column_right in C:\xampp\htdocs\php_jefco\admin\view\template\report\purchase_invoice_report.tpl on line 278
2024-08-09 10:23:03 - PHP Warning:  chr() expects parameter 1 to be int, string given in C:\xampp\htdocs\php_jefco\system\library\tcpdf\include\tcpdf_fonts.php on line 1671
2024-08-09 10:23:03 - PHP Notice:  Undefined index: name in C:\xampp\htdocs\php_jefco\admin\controller\report\purchase_invoice_report.php on line 214
2024-08-09 10:23:03 - PHP Notice:  Undefined index: name in C:\xampp\htdocs\php_jefco\admin\controller\report\purchase_invoice_report.php on line 215
2024-08-09 10:23:03 - PHP Notice:  Undefined index: output in C:\xampp\htdocs\php_jefco\admin\controller\report\purchase_invoice_report.php on line 219
