Array
(
    [total_balance] => 100.7
    [last_checked] => 1724829991
    [newBalanceAvailable] => 1
)
Array
(
    [total_balance] => 100.8
    [last_checked] => 1724830026
    [newBalanceAvailable] => 1
)
Array
(
    [total_balance] => 100.8
    [last_checked] => 1724830122
    [newBalanceAvailable] => 1
)
Array
(
    [total_balance] => 100.7
    [last_checked] => 1724830178
    [newBalanceAvailable] => 1
)
Array
(
    [total_balance] => 100.7
    [last_checked] => 1724830250
    [newBalanceAvailable] => 1
)
Array
(
    [total_balance] => 100.8
    [last_checked] => 1724830647
    [newBalanceAvailable] => 1
)
Array
(
    [total_balance] => 100.8
    [last_checked] => 1724830902
    [newBalanceAvailable] => 1
)
Array
(
    [total_balance] => 0
    [last_checked] => 1724831141
    [newBalanceAvailable] => 
)
Array
(
    [total_balance] => 0
    [last_checked] => 1724831162
    [newBalanceAvailable] => 
)
Array
(
    [total_balance] => 0
    [last_checked] => 1724831216
    [newBalanceAvailable] => 
)
Array
(
    [total_balance] => 0
    [last_checked] => 1724831221
    [newBalanceAvailable] => 
)
Array
(
    [total_balance] => 0
    [last_checked] => 1724831226
    [newBalanceAvailable] => 
)
Array
(
    [total_balance] => 0
    [last_checked] => 1724831231
    [newBalanceAvailable] => 
)
Array
(
    [total_balance] => 0
    [last_checked] => 1724831237
    [newBalanceAvailable] => 
)
Array
(
    [total_balance] => 0
    [last_checked] => 1724831243
    [newBalanceAvailable] => 
)
Array
(
    [total_balance] => 0
    [last_checked] => 1724831248
    [newBalanceAvailable] => 
)
Array
(
    [total_balance] => 0
    [last_checked] => 1724831253
    [newBalanceAvailable] => 
)
Array
(
    [total_balance] => 0
    [last_checked] => 1724831258
    [newBalanceAvailable] => 
)
Array
(
    [total_balance] => 0
    [last_checked] => 1724831263
    [newBalanceAvailable] => 
)
Array
(
    [total_balance] => 0
    [last_checked] => 1724831268
    [newBalanceAvailable] => 
)
Array
(
    [total_balance] => 0
    [last_checked] => 1724831274
    [newBalanceAvailable] => 
)
Array
(
    [total_balance] => 0
    [last_checked] => 1724831280
    [newBalanceAvailable] => 
)
Array
(
    [total_balance] => 0
    [last_checked] => 1724831286
    [newBalanceAvailable] => 
)
Array
(
    [total_balance] => 0
    [last_checked] => 1724831292
    [newBalanceAvailable] => 
)
Array
(
    [total_balance] => 0
    [last_checked] => 1724831298
    [newBalanceAvailable] => 
)
Array
(
    [total_balance] => 0
    [last_checked] => 1724831304
    [newBalanceAvailable] => 
)
Array
(
    [total_balance] => 0
    [last_checked] => 1724831310
    [newBalanceAvailable] => 
)
